<?xml version="1.0" encoding="UTF-8"?>
<!-- Generated by org.testng.reporters.JUnitReportReporter -->
<testsuite hostname="Jayaram-G" failures="0" tests="1" name="com.ems.json_schema_validation.HamcrestMatcherJsonSchemaValidation" time="1.996" errors="0" timestamp="2024-07-29T14:02:26 IST" skipped="0">
  <testcase classname="com.ems.json_schema_validation.HamcrestMatcherJsonSchemaValidation" name="validate" time="1.996"/>
  <system-out/>
</testsuite> <!-- com.ems.json_schema_validation.HamcrestMatcherJsonSchemaValidation -->
