<?xml version="1.0" encoding="UTF-8"?>
<!-- Generated by org.testng.reporters.JUnitReportReporter -->
<testsuite hostname="Jayaram-G" failures="0" tests="1" name="com.ra.auth.BearerTokenAuth" time="14.238" errors="0" timestamp="2024-07-31T15:34:20 IST" skipped="0">
  <testcase classname="com.ra.auth.BearerTokenAuth" name="bearerTokenAuth" time="14.238"/>
  <system-out/>
</testsuite> <!-- com.ra.auth.BearerTokenAuth -->
