<?xml version="1.0" encoding="UTF-8"?>
<!-- Generated by org.testng.reporters.JUnitReportReporter -->
<testsuite hostname="Jayaram-G" failures="0" tests="2" name="com.ra.auth.ApiKeyAuth" time="3.062" errors="0" timestamp="2024-07-31T15:25:16 IST" skipped="1">
  <testcase classname="com.ra.auth.ApiKeyAuth" name="apiKeyUsingParams" time="3.062"/>
  <system-out/>
  <testcase classname="com.ra.auth.ApiKeyAuth" name="apiKeyAuth">
    <skipped/>
  </testcase> <!-- apiKeyAuth -->
  <system-out/>
</testsuite> <!-- com.ra.auth.ApiKeyAuth -->
