<?xml version="1.0" encoding="UTF-8"?>
<!-- Generated by org.testng.reporters.JUnitReportReporter -->
<testsuite hostname="Jayaram-G" failures="0" tests="2" name="com.ems.json_schema_validation.RestAssuredJsonSchemaValidation" time="1.671" errors="0" timestamp="2024-07-29T13:34:23 IST" skipped="1">
  <testcase classname="com.ems.json_schema_validation.RestAssuredJsonSchemaValidation" name="validationUsingMatchesJsonSchema" time="1.671"/>
  <system-out/>
  <testcase classname="com.ems.json_schema_validation.RestAssuredJsonSchemaValidation" name="validationUsingMatchesJsonSchemaInClassPath">
    <skipped/>
  </testcase> <!-- validationUsingMatchesJsonSchemaInClassPath -->
  <system-out/>
</testsuite> <!-- com.ems.json_schema_validation.RestAssuredJsonSchemaValidation -->
