<?xml version="1.0" encoding="UTF-8"?>
<!-- Generated by org.testng.reporters.JUnitReportReporter -->
<testsuite hostname="Jayaram-G" failures="0" tests="1" name="com.ems.json_schema_validation.NetworkNTJsonSchemaValidation" time="0.304" errors="0" timestamp="2024-07-29T13:51:23 IST" skipped="0">
  <testcase classname="com.ems.json_schema_validation.NetworkNTJsonSchemaValidation" name="validateJsonSchema" time="0.304"/>
  <system-out/>
</testsuite> <!-- com.ems.json_schema_validation.NetworkNTJsonSchemaValidation -->
