<?xml version="1.0" encoding="UTF-8"?>
<!-- Generated by org.testng.reporters.JUnitReportReporter -->
<testsuite hostname="Jayaram-G" failures="0" tests="1" name="com.ems.extra_concepts.Serialization" time="2.331" errors="0" timestamp="2024-07-29T12:41:48 IST" skipped="0">
  <testcase classname="com.ems.extra_concepts.Serialization" name="serialization" time="2.331"/>
  <system-out/>
</testsuite> <!-- com.ems.extra_concepts.Serialization -->
