<?xml version="1.0" encoding="UTF-8"?>
<!-- Generated by org.testng.reporters.JUnitReportReporter -->
<testsuite hostname="Jayaram-G" failures="0" tests="5" name="com.ems.non_bdd_style.EmployeeCRUDRequestsNonBDDStyle" time="2.071" errors="0" timestamp="2024-07-29T10:49:37 IST" skipped="4">
  <testcase classname="com.ems.non_bdd_style.EmployeeCRUDRequestsNonBDDStyle" name="getAnEmployee" time="2.071"/>
  <system-out/>
  <testcase classname="com.ems.non_bdd_style.EmployeeCRUDRequestsNonBDDStyle" name="createAnEmployee">
    <skipped/>
  </testcase> <!-- createAnEmployee -->
  <system-out/>
  <testcase classname="com.ems.non_bdd_style.EmployeeCRUDRequestsNonBDDStyle" name="getAllEmployees">
    <skipped/>
  </testcase> <!-- getAllEmployees -->
  <system-out/>
  <testcase classname="com.ems.non_bdd_style.EmployeeCRUDRequestsNonBDDStyle" name="deleteAnEmployee">
    <skipped/>
  </testcase> <!-- deleteAnEmployee -->
  <system-out/>
  <testcase classname="com.ems.non_bdd_style.EmployeeCRUDRequestsNonBDDStyle" name="updateAnEmployee">
    <skipped/>
  </testcase> <!-- updateAnEmployee -->
  <system-out/>
</testsuite> <!-- com.ems.non_bdd_style.EmployeeCRUDRequestsNonBDDStyle -->
