<?xml version="1.0" encoding="UTF-8"?>
<!-- Generated by org.testng.reporters.JUnitReportReporter -->
<testsuite hostname="Jayaram-G" failures="0" tests="1" name="com.ems.extra_concepts.CreateAnEmployeeFromJSONFile" time="2.082" errors="0" timestamp="2024-07-29T11:48:10 IST" skipped="0">
  <testcase classname="com.ems.extra_concepts.CreateAnEmployeeFromJSONFile" name="createAnEmployeeFromJsonFile" time="2.082"/>
  <system-out/>
</testsuite> <!-- com.ems.extra_concepts.CreateAnEmployeeFromJSONFile -->
