<?xml version="1.0" encoding="UTF-8"?>
<!-- Generated by org.testng.reporters.JUnitReportReporter -->
<testsuite hostname="Jayaram-G" failures="0" tests="1" name="com.ra.auth.BasicAuth" time="5.203" errors="0" timestamp="2024-07-31T15:04:13 IST" skipped="0">
  <testcase classname="com.ra.auth.BasicAuth" name="basicAuth" time="5.203"/>
  <system-out/>
</testsuite> <!-- com.ra.auth.BasicAuth -->
