<?xml version="1.0" encoding="UTF-8"?>
<!-- Generated by org.testng.reporters.JUnitReportReporter -->
<testsuite hostname="Jayaram-G" failures="0" tests="3" name="com.ra.interview_concepts.RequestSpecificationExample" time="1.399" errors="0" timestamp="2024-07-31T14:10:59 IST" skipped="0">
  <testcase classname="com.ra.interview_concepts.RequestSpecificationExample" name="createAnEmployee" time="1.320"/>
  <system-out/>
  <testcase classname="com.ra.interview_concepts.RequestSpecificationExample" name="getAnEmployees" time="0.032"/>
  <system-out/>
  <testcase classname="com.ra.interview_concepts.RequestSpecificationExample" name="getAllEmployees" time="0.047"/>
  <system-out/>
</testsuite> <!-- com.ra.interview_concepts.RequestSpecificationExample -->
