<?xml version="1.0" encoding="UTF-8"?>
<!-- Generated by org.testng.reporters.JUnitReportReporter -->
<testsuite hostname="Jayaram-G" failures="0" tests="4" name="com.ems.bdd_style.EmployeesCRUDRequestsBDDSyle" time="2.264" errors="0" timestamp="2024-07-29T11:39:35 IST" skipped="3">
  <testcase classname="com.ems.bdd_style.EmployeesCRUDRequestsBDDSyle" name="deleteAnEmployee" time="2.264"/>
  <system-out/>
  <testcase classname="com.ems.bdd_style.EmployeesCRUDRequestsBDDSyle" name="updateAnEmployee">
    <skipped/>
  </testcase> <!-- updateAnEmployee -->
  <system-out/>
  <testcase classname="com.ems.bdd_style.EmployeesCRUDRequestsBDDSyle" name="createAnEmployee">
    <skipped/>
  </testcase> <!-- createAnEmployee -->
  <system-out/>
  <testcase classname="com.ems.bdd_style.EmployeesCRUDRequestsBDDSyle" name="getAllEmployees">
    <skipped/>
  </testcase> <!-- getAllEmployees -->
  <system-out/>
</testsuite> <!-- com.ems.bdd_style.EmployeesCRUDRequestsBDDSyle -->
